<?xml version="1.0" encoding="UTF-8"?>
<!-- Generated by org.testng.reporters.JUnitReportReporter -->
<testsuite hostname="MYUSER-PC" name="com.rameshsoft.test.GitBatchJuly2022.TestDemo" tests="3" failures="0" timestamp="9 Jun 2022 03:54:31 GMT" time="0.023" errors="0">
  <testcase name="testThree" time="0.001" classname="com.rameshsoft.test.GitBatchJuly2022.TestDemo"/>
  <testcase name="testTwo" time="0.001" classname="com.rameshsoft.test.GitBatchJuly2022.TestDemo"/>
  <testcase name="testOne" time="0.021" classname="com.rameshsoft.test.GitBatchJuly2022.TestDemo"/>
</testsuite> <!-- com.rameshsoft.test.GitBatchJuly2022.TestDemo -->
