<?xml version="1.0" encoding="UTF-8"?>
<!-- Generated by org.testng.reporters.JUnitReportReporter -->
<testsuite hostname="MYUSER-PC" name="com.rameshsoft.test.GitBatchJuly2022.AppTest" tests="1" failures="0" timestamp="9 Jun 2022 03:54:32 GMT" time="0.001" errors="0">
  <testcase name="testApp" time="0.001" classname="com.rameshsoft.test.GitBatchJuly2022.AppTest"/>
</testsuite> <!-- com.rameshsoft.test.GitBatchJuly2022.AppTest -->
